<?xml version="1.0" encoding="UTF-8"?>
<!-- Generated by org.testng.reporters.JUnitReportReporter -->
<testsuite hostname="DESKTOP-STF6ADP" failures="0" tests="1" name="Mypackagetest.myclasstest" time="12.200" errors="0" timestamp="2022-11-05T18:14:45 IST" skipped="0">
  <testcase classname="Mypackagetest.myclasstest" name="methodtest" time="12.200"/>
  <system-out/>
</testsuite> <!-- Mypackagetest.myclasstest -->
