<?xml version="1.0" encoding="UTF-8"?>
<!-- Generated by org.testng.reporters.JUnitReportReporter -->
<testsuite hostname="DESKTOP-STF6ADP" failures="0" tests="1" name="Mypackagetest.MyclassTest" time="19.617" errors="0" timestamp="2022-11-05T22:14:10 IST" skipped="0">
  <testcase classname="Mypackagetest.MyclassTest" name="methodtest" time="19.617"/>
  <system-out/>
</testsuite> <!-- Mypackagetest.MyclassTest -->
